Analysis & Synthesis report for Streaming_System
Sun Jun 28 19:28:15 2026
Quartus Prime Version 25.1std.0 Build 1129 10/21/2025 SC Lite Edition


---------------------
; Table of Contents ;
---------------------
  1. Legal Notice
  2. Analysis & Synthesis Summary
  3. Analysis & Synthesis Settings
  4. Parallel Compilation
  5. Analysis & Synthesis Source Files Read
  6. Analysis & Synthesis Resource Usage Summary
  7. Analysis & Synthesis Resource Utilization by Entity
  8. Analysis & Synthesis RAM Summary
  9. State Machine - |Streaming_System|UART_Tx_16bit:u_UART_Tx_16bit|rState
 10. Registers Removed During Synthesis
 11. Removed Registers Triggering Further Register Optimizations
 12. General Register Statistics
 13. Inverted Register Statistics
 14. Multiplexer Restructuring Statistics (Restructuring Performed)
 15. Source assignments for Async_FIFO:u_Async_FIFO|altsyncram:Mem_rtl_0|altsyncram_ivc1:auto_generated
 16. Parameter Settings for User Entity Instance: Top-level Entity: |Streaming_System
 17. Parameter Settings for User Entity Instance: Power_Controller:u_Power_Controller
 18. Parameter Settings for User Entity Instance: Power_Controller:u_Power_Controller|altclkctrl:g_ALTCLKCTRL.u_altclkctrl
 19. Parameter Settings for User Entity Instance: Async_FIFO:u_Async_FIFO
 20. Parameter Settings for User Entity Instance: UART_Tx_16bit:u_UART_Tx_16bit
 21. Parameter Settings for User Entity Instance: UART_Tx_16bit:u_UART_Tx_16bit|Baud_Clk_Divider_50:u_Baud_Clk_Divider_50
 22. Parameter Settings for Inferred Entity Instance: Async_FIFO:u_Async_FIFO|altsyncram:Mem_rtl_0
 23. altsyncram Parameter Settings by Entity Instance
 24. Port Connectivity Checks: "Async_FIFO:u_Async_FIFO"
 25. Port Connectivity Checks: "Power_Controller:u_Power_Controller"
 26. Post-Synthesis Netlist Statistics for Top Partition
 27. Elapsed Time Per Partition
 28. Analysis & Synthesis Messages



----------------
; Legal Notice ;
----------------
Copyright (C) 2025  Altera Corporation. All rights reserved.
Your use of Altera Corporation's design tools, logic functions 
and other software and tools, and any partner logic 
functions, and any output files from any of the foregoing 
(including device programming or simulation files), and any 
associated documentation or information are expressly subject 
to the terms and conditions of the Altera Program License 
Subscription Agreement, the Altera Quartus Prime License Agreement,
the Altera IP License Agreement, or other applicable license
agreement, including, without limitation, that your use is for
the sole purpose of programming logic devices manufactured by
Altera and sold by Altera or its authorized distributors.  Please
refer to the Altera Software License Subscription Agreements 
on the Quartus Prime software download page.



+--------------------------------------------------------------------------------------+
; Analysis & Synthesis Summary                                                         ;
+------------------------------------+-------------------------------------------------+
; Analysis & Synthesis Status        ; Successful - Sun Jun 28 19:28:15 2026           ;
; Quartus Prime Version              ; 25.1std.0 Build 1129 10/21/2025 SC Lite Edition ;
; Revision Name                      ; Streaming_System                                ;
; Top-level Entity Name              ; Streaming_System                                ;
; Family                             ; Cyclone IV E                                    ;
; Total logic elements               ; 186                                             ;
;     Total combinational functions  ; 137                                             ;
;     Dedicated logic registers      ; 120                                             ;
; Total registers                    ; 120                                             ;
; Total pins                         ; 14                                              ;
; Total virtual pins                 ; 0                                               ;
; Total memory bits                  ; 192                                             ;
; Embedded Multiplier 9-bit elements ; 0                                               ;
; Total PLLs                         ; 0                                               ;
+------------------------------------+-------------------------------------------------+


+------------------------------------------------------------------------------------------------------------+
; Analysis & Synthesis Settings                                                                              ;
+------------------------------------------------------------------+--------------------+--------------------+
; Option                                                           ; Setting            ; Default Value      ;
+------------------------------------------------------------------+--------------------+--------------------+
; Device                                                           ; EP4CE115F29C7      ;                    ;
; Top-level entity name                                            ; Streaming_System   ; Streaming_System   ;
; Family name                                                      ; Cyclone IV E       ; Cyclone V          ;
; Use smart compilation                                            ; Off                ; Off                ;
; Enable parallel Assembler and Timing Analyzer during compilation ; On                 ; On                 ;
; Enable compact report table                                      ; Off                ; Off                ;
; Restructure Multiplexers                                         ; Auto               ; Auto               ;
; Create Debugging Nodes for IP Cores                              ; Off                ; Off                ;
; Preserve fewer node names                                        ; On                 ; On                 ;
; Intel FPGA IP Evaluation Mode                                    ; Enable             ; Enable             ;
; Verilog Version                                                  ; Verilog_2001       ; Verilog_2001       ;
; VHDL Version                                                     ; VHDL_1993          ; VHDL_1993          ;
; State Machine Processing                                         ; Auto               ; Auto               ;
; Safe State Machine                                               ; Off                ; Off                ;
; Extract Verilog State Machines                                   ; On                 ; On                 ;
; Extract VHDL State Machines                                      ; On                 ; On                 ;
; Ignore Verilog initial constructs                                ; Off                ; Off                ;
; Iteration limit for constant Verilog loops                       ; 5000               ; 5000               ;
; Iteration limit for non-constant Verilog loops                   ; 250                ; 250                ;
; Add Pass-Through Logic to Inferred RAMs                          ; On                 ; On                 ;
; Infer RAMs from Raw Logic                                        ; On                 ; On                 ;
; Parallel Synthesis                                               ; On                 ; On                 ;
; DSP Block Balancing                                              ; Auto               ; Auto               ;
; NOT Gate Push-Back                                               ; On                 ; On                 ;
; Power-Up Don't Care                                              ; On                 ; On                 ;
; Remove Redundant Logic Cells                                     ; Off                ; Off                ;
; Remove Duplicate Registers                                       ; On                 ; On                 ;
; Ignore CARRY Buffers                                             ; Off                ; Off                ;
; Ignore CASCADE Buffers                                           ; Off                ; Off                ;
; Ignore GLOBAL Buffers                                            ; Off                ; Off                ;
; Ignore ROW GLOBAL Buffers                                        ; Off                ; Off                ;
; Ignore LCELL Buffers                                             ; Off                ; Off                ;
; Ignore SOFT Buffers                                              ; On                 ; On                 ;
; Limit AHDL Integers to 32 Bits                                   ; Off                ; Off                ;
; Optimization Technique                                           ; Balanced           ; Balanced           ;
; Carry Chain Length                                               ; 70                 ; 70                 ;
; Auto Carry Chains                                                ; On                 ; On                 ;
; Auto Open-Drain Pins                                             ; On                 ; On                 ;
; Perform WYSIWYG Primitive Resynthesis                            ; Off                ; Off                ;
; Auto ROM Replacement                                             ; On                 ; On                 ;
; Auto RAM Replacement                                             ; On                 ; On                 ;
; Auto DSP Block Replacement                                       ; On                 ; On                 ;
; Auto Shift Register Replacement                                  ; Auto               ; Auto               ;
; Allow Shift Register Merging across Hierarchies                  ; Auto               ; Auto               ;
; Auto Clock Enable Replacement                                    ; On                 ; On                 ;
; Strict RAM Replacement                                           ; Off                ; Off                ;
; Allow Synchronous Control Signals                                ; On                 ; On                 ;
; Force Use of Synchronous Clear Signals                           ; Off                ; Off                ;
; Auto RAM Block Balancing                                         ; On                 ; On                 ;
; Auto RAM to Logic Cell Conversion                                ; Off                ; Off                ;
; Auto Resource Sharing                                            ; Off                ; Off                ;
; Allow Any RAM Size For Recognition                               ; Off                ; Off                ;
; Allow Any ROM Size For Recognition                               ; Off                ; Off                ;
; Allow Any Shift Register Size For Recognition                    ; Off                ; Off                ;
; Use LogicLock Constraints during Resource Balancing              ; On                 ; On                 ;
; Ignore translate_off and synthesis_off directives                ; Off                ; Off                ;
; Timing-Driven Synthesis                                          ; On                 ; On                 ;
; Report Parameter Settings                                        ; On                 ; On                 ;
; Report Source Assignments                                        ; On                 ; On                 ;
; Report Connectivity Checks                                       ; On                 ; On                 ;
; Ignore Maximum Fan-Out Assignments                               ; Off                ; Off                ;
; Synchronization Register Chain Length                            ; 2                  ; 2                  ;
; Power Optimization During Synthesis                              ; Normal compilation ; Normal compilation ;
; HDL message level                                                ; Level2             ; Level2             ;
; Suppress Register Optimization Related Messages                  ; Off                ; Off                ;
; Number of Removed Registers Reported in Synthesis Report         ; 5000               ; 5000               ;
; Number of Swept Nodes Reported in Synthesis Report               ; 5000               ; 5000               ;
; Number of Inverted Registers Reported in Synthesis Report        ; 100                ; 100                ;
; Clock MUX Protection                                             ; On                 ; On                 ;
; Auto Gated Clock Conversion                                      ; Off                ; Off                ;
; Block Design Naming                                              ; Auto               ; Auto               ;
; SDC constraint protection                                        ; Off                ; Off                ;
; Synthesis Effort                                                 ; Auto               ; Auto               ;
; Shift Register Replacement - Allow Asynchronous Clear Signal     ; On                 ; On                 ;
; Pre-Mapping Resynthesis Optimization                             ; Off                ; Off                ;
; Analysis & Synthesis Message Level                               ; Medium             ; Medium             ;
; Disable Register Merging Across Hierarchies                      ; Auto               ; Auto               ;
; Resource Aware Inference For Block RAM                           ; On                 ; On                 ;
+------------------------------------------------------------------+--------------------+--------------------+


+------------------------------------------+
; Parallel Compilation                     ;
+----------------------------+-------------+
; Processors                 ; Number      ;
+----------------------------+-------------+
; Number detected on machine ; 12          ;
; Maximum allowed            ; 8           ;
;                            ;             ;
; Average used               ; 1.00        ;
; Maximum used               ; 8           ;
;                            ;             ;
; Usage by Processor         ; % Time Used ;
;     Processor 1            ; 100.0%      ;
;     Processors 2-8         ;   0.0%      ;
+----------------------------+-------------+


+---------------------------------------------------------------------------------------------------------------------------------------------------------------------------------------------------------+
; Analysis & Synthesis Source Files Read                                                                                                                                                                  ;
+----------------------------------------------------+-----------------+------------------------------+-----------------------------------------------------------------------------------------+---------+
; File Name with User-Entered Path                   ; Used in Netlist ; File Type                    ; File Name with Absolute Path                                                            ; Library ;
+----------------------------------------------------+-----------------+------------------------------+-----------------------------------------------------------------------------------------+---------+
; ../../FPGA_UART/rtl/UART_Tx_16bit.v                ; yes             ; User Verilog HDL File        ; C:/Git/Projects/VLSI_steaming_system/FPGA_UART/rtl/UART_Tx_16bit.v                      ;         ;
; ../../FPGA_Power_Controller/rtl/Power_Controller.v ; yes             ; User Verilog HDL File        ; C:/Git/Projects/VLSI_steaming_system/FPGA_Power_Controller/rtl/Power_Controller.v       ;         ;
; ../../FPGA_FIR_Filter/rtl/FIR_Filter.v             ; yes             ; User Verilog HDL File        ; C:/Git/Projects/VLSI_steaming_system/FPGA_FIR_Filter/rtl/FIR_Filter.v                   ;         ;
; ../../FPGA_FIFO/rtl/Async_FIFO.v                   ; yes             ; User Verilog HDL File        ; C:/Git/Projects/VLSI_steaming_system/FPGA_FIFO/rtl/Async_FIFO.v                         ;         ;
; ../../FPGA_Clk_Div/rtl/Baud_Clk_Divider_50.v       ; yes             ; User Verilog HDL File        ; C:/Git/Projects/VLSI_steaming_system/FPGA_Clk_Div/rtl/Baud_Clk_Divider_50.v             ;         ;
; ../rtl/Streaming_System.v                          ; yes             ; User Verilog HDL File        ; C:/Git/Projects/VLSI_steaming_system/FPGA_Streaming_System/rtl/Streaming_System.v       ;         ;
; altclkctrl.tdf                                     ; yes             ; Megafunction                 ; c:/altera_lite/25.1std/quartus/libraries/megafunctions/altclkctrl.tdf                   ;         ;
; db/altclkctrl_2pc.tdf                              ; yes             ; Auto-Generated Megafunction  ; C:/Git/Projects/VLSI_steaming_system/FPGA_Streaming_System/synth/db/altclkctrl_2pc.tdf  ;         ;
; altsyncram.tdf                                     ; yes             ; Megafunction                 ; c:/altera_lite/25.1std/quartus/libraries/megafunctions/altsyncram.tdf                   ;         ;
; stratix_ram_block.inc                              ; yes             ; Megafunction                 ; c:/altera_lite/25.1std/quartus/libraries/megafunctions/stratix_ram_block.inc            ;         ;
; lpm_mux.inc                                        ; yes             ; Megafunction                 ; c:/altera_lite/25.1std/quartus/libraries/megafunctions/lpm_mux.inc                      ;         ;
; lpm_decode.inc                                     ; yes             ; Megafunction                 ; c:/altera_lite/25.1std/quartus/libraries/megafunctions/lpm_decode.inc                   ;         ;
; aglobal251.inc                                     ; yes             ; Megafunction                 ; c:/altera_lite/25.1std/quartus/libraries/megafunctions/aglobal251.inc                   ;         ;
; a_rdenreg.inc                                      ; yes             ; Megafunction                 ; c:/altera_lite/25.1std/quartus/libraries/megafunctions/a_rdenreg.inc                    ;         ;
; altrom.inc                                         ; yes             ; Megafunction                 ; c:/altera_lite/25.1std/quartus/libraries/megafunctions/altrom.inc                       ;         ;
; altram.inc                                         ; yes             ; Megafunction                 ; c:/altera_lite/25.1std/quartus/libraries/megafunctions/altram.inc                       ;         ;
; altdpram.inc                                       ; yes             ; Megafunction                 ; c:/altera_lite/25.1std/quartus/libraries/megafunctions/altdpram.inc                     ;         ;
; db/altsyncram_ivc1.tdf                             ; yes             ; Auto-Generated Megafunction  ; C:/Git/Projects/VLSI_steaming_system/FPGA_Streaming_System/synth/db/altsyncram_ivc1.tdf ;         ;
+----------------------------------------------------+-----------------+------------------------------+-----------------------------------------------------------------------------------------+---------+


+-------------------------------------------------------------+
; Analysis & Synthesis Resource Usage Summary                 ;
+---------------------------------------------+---------------+
; Resource                                    ; Usage         ;
+---------------------------------------------+---------------+
; Estimated Total logic elements              ; 186           ;
;                                             ;               ;
; Total combinational functions               ; 137           ;
; Logic element usage by number of LUT inputs ;               ;
;     -- 4 input functions                    ; 37            ;
;     -- 3 input functions                    ; 58            ;
;     -- <=2 input functions                  ; 42            ;
;                                             ;               ;
; Logic elements by mode                      ;               ;
;     -- normal mode                          ; 88            ;
;     -- arithmetic mode                      ; 49            ;
;                                             ;               ;
; Total registers                             ; 120           ;
;     -- Dedicated logic registers            ; 120           ;
;     -- I/O registers                        ; 0             ;
;                                             ;               ;
; I/O pins                                    ; 14            ;
; Total memory bits                           ; 192           ;
;                                             ;               ;
; Embedded Multiplier 9-bit elements          ; 0             ;
;                                             ;               ;
; Maximum fan-out node                        ; iResetN~input ;
; Maximum fan-out                             ; 108           ;
; Total fan-out                               ; 985           ;
; Average fan-out                             ; 3.31          ;
+---------------------------------------------+---------------+


+----------------------------------------------------------------------------------------------------------------------------------------------------------------------------------------------------------------------------------------------------------------------------------------------------------------------------------------------+
; Analysis & Synthesis Resource Utilization by Entity                                                                                                                                                                                                                                                                                          ;
+---------------------------------------------------+---------------------+---------------------------+-------------+--------------+---------+-----------+------+--------------+--------------------------------------------------------------------------------------------------------------------------+---------------------+--------------+
; Compilation Hierarchy Node                        ; Combinational ALUTs ; Dedicated Logic Registers ; Memory Bits ; DSP Elements ; DSP 9x9 ; DSP 18x18 ; Pins ; Virtual Pins ; Full Hierarchy Name                                                                                                      ; Entity Name         ; Library Name ;
+---------------------------------------------------+---------------------+---------------------------+-------------+--------------+---------+-----------+------+--------------+--------------------------------------------------------------------------------------------------------------------------+---------------------+--------------+
; |Streaming_System                                 ; 137 (0)             ; 120 (0)                   ; 192         ; 0            ; 0       ; 0         ; 14   ; 0            ; |Streaming_System                                                                                                        ; Streaming_System    ; work         ;
;    |Async_FIFO:u_Async_FIFO|                      ; 31 (31)             ; 53 (53)                   ; 192         ; 0            ; 0       ; 0         ; 0    ; 0            ; |Streaming_System|Async_FIFO:u_Async_FIFO                                                                                ; Async_FIFO          ; work         ;
;       |altsyncram:Mem_rtl_0|                      ; 0 (0)               ; 0 (0)                     ; 192         ; 0            ; 0       ; 0         ; 0    ; 0            ; |Streaming_System|Async_FIFO:u_Async_FIFO|altsyncram:Mem_rtl_0                                                           ; altsyncram          ; work         ;
;          |altsyncram_ivc1:auto_generated|         ; 0 (0)               ; 0 (0)                     ; 192         ; 0            ; 0       ; 0         ; 0    ; 0            ; |Streaming_System|Async_FIFO:u_Async_FIFO|altsyncram:Mem_rtl_0|altsyncram_ivc1:auto_generated                            ; altsyncram_ivc1     ; work         ;
;    |FIR_Filter:u_FIR_Filter|                      ; 39 (39)             ; 24 (24)                   ; 0           ; 0            ; 0       ; 0         ; 0    ; 0            ; |Streaming_System|FIR_Filter:u_FIR_Filter                                                                                ; FIR_Filter          ; work         ;
;    |Power_Controller:u_Power_Controller|          ; 8 (8)               ; 6 (6)                     ; 0           ; 0            ; 0       ; 0         ; 0    ; 0            ; |Streaming_System|Power_Controller:u_Power_Controller                                                                    ; Power_Controller    ; work         ;
;       |altclkctrl:g_ALTCLKCTRL.u_altclkctrl|      ; 0 (0)               ; 0 (0)                     ; 0           ; 0            ; 0       ; 0         ; 0    ; 0            ; |Streaming_System|Power_Controller:u_Power_Controller|altclkctrl:g_ALTCLKCTRL.u_altclkctrl                               ; altclkctrl          ; work         ;
;          |altclkctrl_2pc:auto_generated|          ; 0 (0)               ; 0 (0)                     ; 0           ; 0            ; 0       ; 0         ; 0    ; 0            ; |Streaming_System|Power_Controller:u_Power_Controller|altclkctrl:g_ALTCLKCTRL.u_altclkctrl|altclkctrl_2pc:auto_generated ; altclkctrl_2pc      ; work         ;
;    |UART_Tx_16bit:u_UART_Tx_16bit|                ; 59 (37)             ; 37 (26)                   ; 0           ; 0            ; 0       ; 0         ; 0    ; 0            ; |Streaming_System|UART_Tx_16bit:u_UART_Tx_16bit                                                                          ; UART_Tx_16bit       ; work         ;
;       |Baud_Clk_Divider_50:u_Baud_Clk_Divider_50| ; 22 (22)             ; 11 (11)                   ; 0           ; 0            ; 0       ; 0         ; 0    ; 0            ; |Streaming_System|UART_Tx_16bit:u_UART_Tx_16bit|Baud_Clk_Divider_50:u_Baud_Clk_Divider_50                                ; Baud_Clk_Divider_50 ; work         ;
+---------------------------------------------------+---------------------+---------------------------+-------------+--------------+---------+-----------+------+--------------+--------------------------------------------------------------------------------------------------------------------------+---------------------+--------------+
Note: For table entries with two numbers listed, the numbers in parentheses indicate the number of resources of the given type used by the specific entity alone. The numbers listed outside of parentheses indicate the total resources of the given type used by the specific entity and all of its sub-entities in the hierarchy.


+--------------------------------------------------------------------------------------------------------------------------------------------------------------------------------------------+
; Analysis & Synthesis RAM Summary                                                                                                                                                           ;
+----------------------------------------------------------------------------------------+------+------------------+--------------+--------------+--------------+--------------+------+------+
; Name                                                                                   ; Type ; Mode             ; Port A Depth ; Port A Width ; Port B Depth ; Port B Width ; Size ; MIF  ;
+----------------------------------------------------------------------------------------+------+------------------+--------------+--------------+--------------+--------------+------+------+
; Async_FIFO:u_Async_FIFO|altsyncram:Mem_rtl_0|altsyncram_ivc1:auto_generated|ALTSYNCRAM ; AUTO ; Simple Dual Port ; 16           ; 12           ; 16           ; 12           ; 192  ; None ;
+----------------------------------------------------------------------------------------+------+------------------+--------------+--------------+--------------+--------------+------+------+


Encoding Type:  One-Hot
+--------------------------------------------------------------------------------------+
; State Machine - |Streaming_System|UART_Tx_16bit:u_UART_Tx_16bit|rState               ;
+-----------------+----------------+----------------+----------------+-----------------+
; Name            ; rState.ST_IDLE ; rState.ST_STOP ; rState.ST_DATA ; rState.ST_START ;
+-----------------+----------------+----------------+----------------+-----------------+
; rState.ST_IDLE  ; 0              ; 0              ; 0              ; 0               ;
; rState.ST_START ; 1              ; 0              ; 0              ; 1               ;
; rState.ST_DATA  ; 1              ; 0              ; 1              ; 0               ;
; rState.ST_STOP  ; 1              ; 1              ; 0              ; 0               ;
+-----------------+----------------+----------------+----------------+-----------------+


+-----------------------------------------------------------------------------------------------------------------------------------+
; Registers Removed During Synthesis                                                                                                ;
+----------------------------------------------------------------------------------+------------------------------------------------+
; Register name                                                                    ; Reason for Removal                             ;
+----------------------------------------------------------------------------------+------------------------------------------------+
; UART_Tx_16bit:u_UART_Tx_16bit|Baud_Clk_Divider_50:u_Baud_Clk_Divider_50|rCnt[10] ; Stuck at GND due to stuck port data_in         ;
; Async_FIFO:u_Async_FIFO|rPtrGray[4]                                              ; Merged with Async_FIFO:u_Async_FIFO|rPtrBin[4] ;
; Async_FIFO:u_Async_FIFO|wPtrGray[4]                                              ; Merged with Async_FIFO:u_Async_FIFO|wPtrBin[4] ;
; UART_Tx_16bit:u_UART_Tx_16bit|rTxShift[12..15]                                   ; Stuck at GND due to stuck port data_in         ;
; Total Number of Removed Registers = 7                                            ;                                                ;
+----------------------------------------------------------------------------------+------------------------------------------------+


+----------------------------------------------------------------------------------------------------------------------+
; Removed Registers Triggering Further Register Optimizations                                                          ;
+--------------------------------------------+---------------------------+---------------------------------------------+
; Register name                              ; Reason for Removal        ; Registers Removed due to This Register      ;
+--------------------------------------------+---------------------------+---------------------------------------------+
; UART_Tx_16bit:u_UART_Tx_16bit|rTxShift[15] ; Stuck at GND              ; UART_Tx_16bit:u_UART_Tx_16bit|rTxShift[14], ;
;                                            ; due to stuck port data_in ; UART_Tx_16bit:u_UART_Tx_16bit|rTxShift[13], ;
;                                            ;                           ; UART_Tx_16bit:u_UART_Tx_16bit|rTxShift[12]  ;
+--------------------------------------------+---------------------------+---------------------------------------------+


+------------------------------------------------------+
; General Register Statistics                          ;
+----------------------------------------------+-------+
; Statistic                                    ; Value ;
+----------------------------------------------+-------+
; Total registers                              ; 120   ;
; Number of registers using Synchronous Clear  ; 0     ;
; Number of registers using Synchronous Load   ; 11    ;
; Number of registers using Asynchronous Clear ; 108   ;
; Number of registers using Asynchronous Load  ; 0     ;
; Number of registers using Clock Enable       ; 60    ;
; Number of registers using Preset             ; 0     ;
+----------------------------------------------+-------+


+-------------------------------------------------------------------------------------------+
; Inverted Register Statistics                                                              ;
+---------------------------------------------------------------------------------+---------+
; Inverted Register                                                               ; Fan out ;
+---------------------------------------------------------------------------------+---------+
; UART_Tx_16bit:u_UART_Tx_16bit|oSerialTx                                         ; 1       ;
; Async_FIFO:u_Async_FIFO|oEmpty                                                  ; 9       ;
; UART_Tx_16bit:u_UART_Tx_16bit|Baud_Clk_Divider_50:u_Baud_Clk_Divider_50|rCnt[9] ; 1       ;
; UART_Tx_16bit:u_UART_Tx_16bit|Baud_Clk_Divider_50:u_Baud_Clk_Divider_50|rCnt[2] ; 1       ;
; UART_Tx_16bit:u_UART_Tx_16bit|Baud_Clk_Divider_50:u_Baud_Clk_Divider_50|rCnt[1] ; 1       ;
; UART_Tx_16bit:u_UART_Tx_16bit|Baud_Clk_Divider_50:u_Baud_Clk_Divider_50|rCnt[0] ; 1       ;
; Power_Controller:u_Power_Controller|oClkEn                                      ; 1       ;
; Power_Controller:u_Power_Controller|rClkEnReq                                   ; 2       ;
; Power_Controller:u_Power_Controller|rIdleCnt[3]                                 ; 2       ;
; Power_Controller:u_Power_Controller|rIdleCnt[1]                                 ; 4       ;
; Total number of inverted registers = 10                                         ;         ;
+---------------------------------------------------------------------------------+---------+


+---------------------------------------------------------------------------------------------------------------------------------------------------------------------------------+
; Multiplexer Restructuring Statistics (Restructuring Performed)                                                                                                                  ;
+--------------------+-----------+---------------+----------------------+------------------------+------------+-------------------------------------------------------------------+
; Multiplexer Inputs ; Bus Width ; Baseline Area ; Area if Restructured ; Saving if Restructured ; Registered ; Example Multiplexer Output                                        ;
+--------------------+-----------+---------------+----------------------+------------------------+------------+-------------------------------------------------------------------+
; 3:1                ; 2 bits    ; 4 LEs         ; 2 LEs                ; 2 LEs                  ; Yes        ; |Streaming_System|Power_Controller:u_Power_Controller|rIdleCnt[0] ;
; 4:1                ; 3 bits    ; 6 LEs         ; 3 LEs                ; 3 LEs                  ; Yes        ; |Streaming_System|UART_Tx_16bit:u_UART_Tx_16bit|rTxShift[12]      ;
; 5:1                ; 12 bits   ; 36 LEs        ; 24 LEs               ; 12 LEs                 ; Yes        ; |Streaming_System|UART_Tx_16bit:u_UART_Tx_16bit|rTxShift[4]       ;
; 3:1                ; 2 bits    ; 4 LEs         ; 2 LEs                ; 2 LEs                  ; Yes        ; |Streaming_System|Power_Controller:u_Power_Controller|rIdleCnt[3] ;
; 8:1                ; 4 bits    ; 20 LEs        ; 12 LEs               ; 8 LEs                  ; No         ; |Streaming_System|UART_Tx_16bit:u_UART_Tx_16bit|rState            ;
+--------------------+-----------+---------------+----------------------+------------------------+------------+-------------------------------------------------------------------+


+----------------------------------------------------------------------------------------------------+
; Source assignments for Async_FIFO:u_Async_FIFO|altsyncram:Mem_rtl_0|altsyncram_ivc1:auto_generated ;
+---------------------------------+--------------------+------+--------------------------------------+
; Assignment                      ; Value              ; From ; To                                   ;
+---------------------------------+--------------------+------+--------------------------------------+
; OPTIMIZE_POWER_DURING_SYNTHESIS ; NORMAL_COMPILATION ; -    ; -                                    ;
+---------------------------------+--------------------+------+--------------------------------------+


+----------------------------------------------------------------------------------+
; Parameter Settings for User Entity Instance: Top-level Entity: |Streaming_System ;
+-----------------+-------+--------------------------------------------------------+
; Parameter Name  ; Value ; Type                                                   ;
+-----------------+-------+--------------------------------------------------------+
; FIFO_ADDR_WIDTH ; 4     ; Signed Integer                                         ;
; BAUD_HALF_DIV   ; 520   ; Signed Integer                                         ;
; IDLE_TIMEOUT    ; 10    ; Signed Integer                                         ;
; SIM_MODE        ; 0     ; Signed Integer                                         ;
+-----------------+-------+--------------------------------------------------------+
Note: In order to hide this table in the UI and the text report file, please set the "Show Parameter Settings in Synthesis Report" option in "Analysis and Synthesis Settings -> More Settings" to "Off".


+----------------------------------------------------------------------------------+
; Parameter Settings for User Entity Instance: Power_Controller:u_Power_Controller ;
+----------------+-------+---------------------------------------------------------+
; Parameter Name ; Value ; Type                                                    ;
+----------------+-------+---------------------------------------------------------+
; IDLE_TIMEOUT   ; 10    ; Signed Integer                                          ;
; SIM_MODE       ; 0     ; Signed Integer                                          ;
+----------------+-------+---------------------------------------------------------+
Note: In order to hide this table in the UI and the text report file, please set the "Show Parameter Settings in Synthesis Report" option in "Analysis and Synthesis Settings -> More Settings" to "Off".


+-----------------------------------------------------------------------------------------------------------------------+
; Parameter Settings for User Entity Instance: Power_Controller:u_Power_Controller|altclkctrl:g_ALTCLKCTRL.u_altclkctrl ;
+--------------------------------------------+----------------+---------------------------------------------------------+
; Parameter Name                             ; Value          ; Type                                                    ;
+--------------------------------------------+----------------+---------------------------------------------------------+
; CLOCK_TYPE                                 ; AUTO           ; Untyped                                                 ;
; ENA_REGISTER_MODE                          ; falling edge   ; Untyped                                                 ;
; IMPLEMENT_IN_LES                           ; OFF            ; Untyped                                                 ;
; NUMBER_OF_CLOCKS                           ; 4              ; Untyped                                                 ;
; USE_GLITCH_FREE_SWITCH_OVER_IMPLEMENTATION ; OFF            ; Untyped                                                 ;
; WIDTH_CLKSELECT                            ; 2              ; Untyped                                                 ;
; CBXI_PARAMETER                             ; altclkctrl_2pc ; Untyped                                                 ;
+--------------------------------------------+----------------+---------------------------------------------------------+
Note: In order to hide this table in the UI and the text report file, please set the "Show Parameter Settings in Synthesis Report" option in "Analysis and Synthesis Settings -> More Settings" to "Off".


+----------------------------------------------------------------------+
; Parameter Settings for User Entity Instance: Async_FIFO:u_Async_FIFO ;
+----------------+-------+---------------------------------------------+
; Parameter Name ; Value ; Type                                        ;
+----------------+-------+---------------------------------------------+
; AddrWidth      ; 4     ; Signed Integer                              ;
; DataWidth      ; 16    ; Signed Integer                              ;
+----------------+-------+---------------------------------------------+
Note: In order to hide this table in the UI and the text report file, please set the "Show Parameter Settings in Synthesis Report" option in "Analysis and Synthesis Settings -> More Settings" to "Off".


+----------------------------------------------------------------------------+
; Parameter Settings for User Entity Instance: UART_Tx_16bit:u_UART_Tx_16bit ;
+----------------+-------+---------------------------------------------------+
; Parameter Name ; Value ; Type                                              ;
+----------------+-------+---------------------------------------------------+
; BAUD_HALF_DIV  ; 520   ; Signed Integer                                    ;
+----------------+-------+---------------------------------------------------+
Note: In order to hide this table in the UI and the text report file, please set the "Show Parameter Settings in Synthesis Report" option in "Analysis and Synthesis Settings -> More Settings" to "Off".


+----------------------------------------------------------------------------------------------------------------------+
; Parameter Settings for User Entity Instance: UART_Tx_16bit:u_UART_Tx_16bit|Baud_Clk_Divider_50:u_Baud_Clk_Divider_50 ;
+----------------+-------+---------------------------------------------------------------------------------------------+
; Parameter Name ; Value ; Type                                                                                        ;
+----------------+-------+---------------------------------------------------------------------------------------------+
; HALF_DIV       ; 520   ; Signed Integer                                                                              ;
+----------------+-------+---------------------------------------------------------------------------------------------+
Note: In order to hide this table in the UI and the text report file, please set the "Show Parameter Settings in Synthesis Report" option in "Analysis and Synthesis Settings -> More Settings" to "Off".


+-----------------------------------------------------------------------------------------------+
; Parameter Settings for Inferred Entity Instance: Async_FIFO:u_Async_FIFO|altsyncram:Mem_rtl_0 ;
+------------------------------------+----------------------+-----------------------------------+
; Parameter Name                     ; Value                ; Type                              ;
+------------------------------------+----------------------+-----------------------------------+
; BYTE_SIZE_BLOCK                    ; 8                    ; Untyped                           ;
; AUTO_CARRY_CHAINS                  ; ON                   ; AUTO_CARRY                        ;
; IGNORE_CARRY_BUFFERS               ; OFF                  ; IGNORE_CARRY                      ;
; AUTO_CASCADE_CHAINS                ; ON                   ; AUTO_CASCADE                      ;
; IGNORE_CASCADE_BUFFERS             ; OFF                  ; IGNORE_CASCADE                    ;
; WIDTH_BYTEENA                      ; 1                    ; Untyped                           ;
; OPERATION_MODE                     ; DUAL_PORT            ; Untyped                           ;
; WIDTH_A                            ; 12                   ; Untyped                           ;
; WIDTHAD_A                          ; 4                    ; Untyped                           ;
; NUMWORDS_A                         ; 16                   ; Untyped                           ;
; OUTDATA_REG_A                      ; UNREGISTERED         ; Untyped                           ;
; ADDRESS_ACLR_A                     ; NONE                 ; Untyped                           ;
; OUTDATA_ACLR_A                     ; NONE                 ; Untyped                           ;
; WRCONTROL_ACLR_A                   ; NONE                 ; Untyped                           ;
; INDATA_ACLR_A                      ; NONE                 ; Untyped                           ;
; BYTEENA_ACLR_A                     ; NONE                 ; Untyped                           ;
; WIDTH_B                            ; 12                   ; Untyped                           ;
; WIDTHAD_B                          ; 4                    ; Untyped                           ;
; NUMWORDS_B                         ; 16                   ; Untyped                           ;
; INDATA_REG_B                       ; CLOCK1               ; Untyped                           ;
; WRCONTROL_WRADDRESS_REG_B          ; CLOCK1               ; Untyped                           ;
; RDCONTROL_REG_B                    ; CLOCK1               ; Untyped                           ;
; ADDRESS_REG_B                      ; CLOCK1               ; Untyped                           ;
; OUTDATA_REG_B                      ; UNREGISTERED         ; Untyped                           ;
; BYTEENA_REG_B                      ; CLOCK1               ; Untyped                           ;
; INDATA_ACLR_B                      ; NONE                 ; Untyped                           ;
; WRCONTROL_ACLR_B                   ; NONE                 ; Untyped                           ;
; ADDRESS_ACLR_B                     ; NONE                 ; Untyped                           ;
; OUTDATA_ACLR_B                     ; NONE                 ; Untyped                           ;
; RDCONTROL_ACLR_B                   ; NONE                 ; Untyped                           ;
; BYTEENA_ACLR_B                     ; NONE                 ; Untyped                           ;
; WIDTH_BYTEENA_A                    ; 1                    ; Untyped                           ;
; WIDTH_BYTEENA_B                    ; 1                    ; Untyped                           ;
; RAM_BLOCK_TYPE                     ; AUTO                 ; Untyped                           ;
; BYTE_SIZE                          ; 8                    ; Untyped                           ;
; READ_DURING_WRITE_MODE_MIXED_PORTS ; DONT_CARE            ; Untyped                           ;
; READ_DURING_WRITE_MODE_PORT_A      ; NEW_DATA_NO_NBE_READ ; Untyped                           ;
; READ_DURING_WRITE_MODE_PORT_B      ; NEW_DATA_NO_NBE_READ ; Untyped                           ;
; INIT_FILE                          ; UNUSED               ; Untyped                           ;
; INIT_FILE_LAYOUT                   ; PORT_A               ; Untyped                           ;
; MAXIMUM_DEPTH                      ; 0                    ; Untyped                           ;
; CLOCK_ENABLE_INPUT_A               ; NORMAL               ; Untyped                           ;
; CLOCK_ENABLE_INPUT_B               ; NORMAL               ; Untyped                           ;
; CLOCK_ENABLE_OUTPUT_A              ; NORMAL               ; Untyped                           ;
; CLOCK_ENABLE_OUTPUT_B              ; NORMAL               ; Untyped                           ;
; CLOCK_ENABLE_CORE_A                ; USE_INPUT_CLKEN      ; Untyped                           ;
; CLOCK_ENABLE_CORE_B                ; USE_INPUT_CLKEN      ; Untyped                           ;
; ENABLE_ECC                         ; FALSE                ; Untyped                           ;
; ECC_PIPELINE_STAGE_ENABLED         ; FALSE                ; Untyped                           ;
; WIDTH_ECCSTATUS                    ; 3                    ; Untyped                           ;
; DEVICE_FAMILY                      ; Cyclone IV E         ; Untyped                           ;
; CBXI_PARAMETER                     ; altsyncram_ivc1      ; Untyped                           ;
+------------------------------------+----------------------+-----------------------------------+
Note: In order to hide this table in the UI and the text report file, please set the "Show Parameter Settings in Synthesis Report" option in "Analysis and Synthesis Settings -> More Settings" to "Off".


+------------------------------------------------------------------------------------------+
; altsyncram Parameter Settings by Entity Instance                                         ;
+-------------------------------------------+----------------------------------------------+
; Name                                      ; Value                                        ;
+-------------------------------------------+----------------------------------------------+
; Number of entity instances                ; 1                                            ;
; Entity Instance                           ; Async_FIFO:u_Async_FIFO|altsyncram:Mem_rtl_0 ;
;     -- OPERATION_MODE                     ; DUAL_PORT                                    ;
;     -- WIDTH_A                            ; 12                                           ;
;     -- NUMWORDS_A                         ; 16                                           ;
;     -- OUTDATA_REG_A                      ; UNREGISTERED                                 ;
;     -- WIDTH_B                            ; 12                                           ;
;     -- NUMWORDS_B                         ; 16                                           ;
;     -- ADDRESS_REG_B                      ; CLOCK1                                       ;
;     -- OUTDATA_REG_B                      ; UNREGISTERED                                 ;
;     -- RAM_BLOCK_TYPE                     ; AUTO                                         ;
;     -- READ_DURING_WRITE_MODE_MIXED_PORTS ; DONT_CARE                                    ;
+-------------------------------------------+----------------------------------------------+


+-----------------------------------------------------------------------------------------------------------------+
; Port Connectivity Checks: "Async_FIFO:u_Async_FIFO"                                                             ;
+-------+--------+----------+-------------------------------------------------------------------------------------+
; Port  ; Type   ; Severity ; Details                                                                             ;
+-------+--------+----------+-------------------------------------------------------------------------------------+
; oFull ; Output ; Info     ; Connected to dangling logic. Logic that only feeds a dangling port will be removed. ;
+-------+--------+----------+-------------------------------------------------------------------------------------+


+------------------------------------------------------------------------------------------------------------------+
; Port Connectivity Checks: "Power_Controller:u_Power_Controller"                                                  ;
+--------+--------+----------+-------------------------------------------------------------------------------------+
; Port   ; Type   ; Severity ; Details                                                                             ;
+--------+--------+----------+-------------------------------------------------------------------------------------+
; oClkEn ; Output ; Info     ; Connected to dangling logic. Logic that only feeds a dangling port will be removed. ;
+--------+--------+----------+-------------------------------------------------------------------------------------+


+-----------------------------------------------------+
; Post-Synthesis Netlist Statistics for Top Partition ;
+-----------------------+-----------------------------+
; Type                  ; Count                       ;
+-----------------------+-----------------------------+
; boundary_port         ; 14                          ;
; cycloneiii_clkctrl    ; 1                           ;
; cycloneiii_ff         ; 120                         ;
;     CLR               ; 60                          ;
;     ENA               ; 12                          ;
;     ENA CLR           ; 37                          ;
;     ENA CLR SLD       ; 11                          ;
; cycloneiii_lcell_comb ; 138                         ;
;     arith             ; 49                          ;
;         2 data inputs ; 17                          ;
;         3 data inputs ; 32                          ;
;     normal            ; 89                          ;
;         0 data inputs ; 5                           ;
;         1 data inputs ; 3                           ;
;         2 data inputs ; 18                          ;
;         3 data inputs ; 26                          ;
;         4 data inputs ; 37                          ;
; cycloneiii_ram_block  ; 12                          ;
;                       ;                             ;
; Max LUT depth         ; 5.00                        ;
; Average LUT depth     ; 2.53                        ;
+-----------------------+-----------------------------+


+-------------------------------+
; Elapsed Time Per Partition    ;
+----------------+--------------+
; Partition Name ; Elapsed Time ;
+----------------+--------------+
; Top            ; 00:00:00     ;
+----------------+--------------+


+-------------------------------+
; Analysis & Synthesis Messages ;
+-------------------------------+
Info: *******************************************************************
Info: Running Quartus Prime Analysis & Synthesis
    Info: Version 25.1std.0 Build 1129 10/21/2025 SC Lite Edition
    Info: Processing started: Sun Jun 28 19:28:07 2026
Info: Command: quartus_map --read_settings_files=on --write_settings_files=off Streaming_System -c Streaming_System
Warning (18236): Number of processors has not been specified which may cause overloading on shared machines.  Set the global assignment NUM_PARALLEL_PROCESSORS in your QSF to an appropriate value for best performance.
Info (20030): Parallel compilation is enabled and will use 8 of the 8 processors detected
Info (12021): Found 1 design units, including 1 entities, in source file /git/projects/vlsi_steaming_system/fpga_uart/rtl/uart_tx_16bit.v
    Info (12023): Found entity 1: UART_Tx_16bit File: C:/Git/Projects/VLSI_steaming_system/FPGA_UART/rtl/UART_Tx_16bit.v Line: 23
Info (12021): Found 1 design units, including 1 entities, in source file /git/projects/vlsi_steaming_system/fpga_power_controller/rtl/power_controller.v
    Info (12023): Found entity 1: Power_Controller File: C:/Git/Projects/VLSI_steaming_system/FPGA_Power_Controller/rtl/Power_Controller.v Line: 18
Info (12021): Found 1 design units, including 1 entities, in source file /git/projects/vlsi_steaming_system/fpga_fir_filter/rtl/fir_filter.v
    Info (12023): Found entity 1: FIR_Filter File: C:/Git/Projects/VLSI_steaming_system/FPGA_FIR_Filter/rtl/FIR_Filter.v Line: 19
Info (12021): Found 1 design units, including 1 entities, in source file /git/projects/vlsi_steaming_system/fpga_fifo/rtl/async_fifo.v
    Info (12023): Found entity 1: Async_FIFO File: C:/Git/Projects/VLSI_steaming_system/FPGA_FIFO/rtl/Async_FIFO.v Line: 22
Info (12021): Found 1 design units, including 1 entities, in source file /git/projects/vlsi_steaming_system/fpga_clk_div/rtl/baud_clk_divider_50.v
    Info (12023): Found entity 1: Baud_Clk_Divider_50 File: C:/Git/Projects/VLSI_steaming_system/FPGA_Clk_Div/rtl/Baud_Clk_Divider_50.v Line: 27
Info (12021): Found 1 design units, including 1 entities, in source file /git/projects/vlsi_steaming_system/fpga_streaming_system/rtl/streaming_system.v
    Info (12023): Found entity 1: Streaming_System File: C:/Git/Projects/VLSI_steaming_system/FPGA_Streaming_System/rtl/Streaming_System.v Line: 25
Info (12127): Elaborating entity "Streaming_System" for the top level hierarchy
Info (12128): Elaborating entity "Power_Controller" for hierarchy "Power_Controller:u_Power_Controller" File: C:/Git/Projects/VLSI_steaming_system/FPGA_Streaming_System/rtl/Streaming_System.v Line: 86
Info (12128): Elaborating entity "altclkctrl" for hierarchy "Power_Controller:u_Power_Controller|altclkctrl:g_ALTCLKCTRL.u_altclkctrl" File: C:/Git/Projects/VLSI_steaming_system/FPGA_Power_Controller/rtl/Power_Controller.v Line: 136
Info (12130): Elaborated megafunction instantiation "Power_Controller:u_Power_Controller|altclkctrl:g_ALTCLKCTRL.u_altclkctrl" File: C:/Git/Projects/VLSI_steaming_system/FPGA_Power_Controller/rtl/Power_Controller.v Line: 136
Info (12021): Found 1 design units, including 1 entities, in source file db/altclkctrl_2pc.tdf
    Info (12023): Found entity 1: altclkctrl_2pc File: C:/Git/Projects/VLSI_steaming_system/FPGA_Streaming_System/synth/db/altclkctrl_2pc.tdf Line: 26
Info (12128): Elaborating entity "altclkctrl_2pc" for hierarchy "Power_Controller:u_Power_Controller|altclkctrl:g_ALTCLKCTRL.u_altclkctrl|altclkctrl_2pc:auto_generated" File: c:/altera_lite/25.1std/quartus/libraries/megafunctions/altclkctrl.tdf Line: 51
Info (12128): Elaborating entity "FIR_Filter" for hierarchy "FIR_Filter:u_FIR_Filter" File: C:/Git/Projects/VLSI_steaming_system/FPGA_Streaming_System/rtl/Streaming_System.v Line: 103
Warning (10036): Verilog HDL or VHDL warning at FIR_Filter.v(40): object "rX3" assigned a value but never read File: C:/Git/Projects/VLSI_steaming_system/FPGA_FIR_Filter/rtl/FIR_Filter.v Line: 40
Info (12128): Elaborating entity "Async_FIFO" for hierarchy "Async_FIFO:u_Async_FIFO" File: C:/Git/Projects/VLSI_steaming_system/FPGA_Streaming_System/rtl/Streaming_System.v Line: 132
Info (12128): Elaborating entity "UART_Tx_16bit" for hierarchy "UART_Tx_16bit:u_UART_Tx_16bit" File: C:/Git/Projects/VLSI_steaming_system/FPGA_Streaming_System/rtl/Streaming_System.v Line: 155
Info (12128): Elaborating entity "Baud_Clk_Divider_50" for hierarchy "UART_Tx_16bit:u_UART_Tx_16bit|Baud_Clk_Divider_50:u_Baud_Clk_Divider_50" File: C:/Git/Projects/VLSI_steaming_system/FPGA_UART/rtl/UART_Tx_16bit.v Line: 53
Warning (10230): Verilog HDL assignment warning at Baud_Clk_Divider_50.v(84): truncated value with size 32 to match size of target (11) File: C:/Git/Projects/VLSI_steaming_system/FPGA_Clk_Div/rtl/Baud_Clk_Divider_50.v Line: 84
Warning (10230): Verilog HDL assignment warning at Baud_Clk_Divider_50.v(89): truncated value with size 32 to match size of target (11) File: C:/Git/Projects/VLSI_steaming_system/FPGA_Clk_Div/rtl/Baud_Clk_Divider_50.v Line: 89
Warning (276027): Inferred dual-clock RAM node "Async_FIFO:u_Async_FIFO|Mem_rtl_0" from synchronous design logic.  The read-during-write behavior of a dual-clock RAM is undefined and may not match the behavior of the original design.
Info (19000): Inferred 1 megafunctions from design logic
    Info (276029): Inferred altsyncram megafunction from the following design logic: "Async_FIFO:u_Async_FIFO|Mem_rtl_0" 
        Info (286033): Parameter OPERATION_MODE set to DUAL_PORT
        Info (286033): Parameter WIDTH_A set to 12
        Info (286033): Parameter WIDTHAD_A set to 4
        Info (286033): Parameter NUMWORDS_A set to 16
        Info (286033): Parameter WIDTH_B set to 12
        Info (286033): Parameter WIDTHAD_B set to 4
        Info (286033): Parameter NUMWORDS_B set to 16
        Info (286033): Parameter ADDRESS_ACLR_A set to NONE
        Info (286033): Parameter OUTDATA_REG_B set to UNREGISTERED
        Info (286033): Parameter ADDRESS_ACLR_B set to NONE
        Info (286033): Parameter OUTDATA_ACLR_B set to NONE
        Info (286033): Parameter ADDRESS_REG_B set to CLOCK1
        Info (286033): Parameter INDATA_ACLR_A set to NONE
        Info (286033): Parameter WRCONTROL_ACLR_A set to NONE
Info (12130): Elaborated megafunction instantiation "Async_FIFO:u_Async_FIFO|altsyncram:Mem_rtl_0"
Info (12133): Instantiated megafunction "Async_FIFO:u_Async_FIFO|altsyncram:Mem_rtl_0" with the following parameter:
    Info (12134): Parameter "OPERATION_MODE" = "DUAL_PORT"
    Info (12134): Parameter "WIDTH_A" = "12"
    Info (12134): Parameter "WIDTHAD_A" = "4"
    Info (12134): Parameter "NUMWORDS_A" = "16"
    Info (12134): Parameter "WIDTH_B" = "12"
    Info (12134): Parameter "WIDTHAD_B" = "4"
    Info (12134): Parameter "NUMWORDS_B" = "16"
    Info (12134): Parameter "ADDRESS_ACLR_A" = "NONE"
    Info (12134): Parameter "OUTDATA_REG_B" = "UNREGISTERED"
    Info (12134): Parameter "ADDRESS_ACLR_B" = "NONE"
    Info (12134): Parameter "OUTDATA_ACLR_B" = "NONE"
    Info (12134): Parameter "ADDRESS_REG_B" = "CLOCK1"
    Info (12134): Parameter "INDATA_ACLR_A" = "NONE"
    Info (12134): Parameter "WRCONTROL_ACLR_A" = "NONE"
Info (12021): Found 1 design units, including 1 entities, in source file db/altsyncram_ivc1.tdf
    Info (12023): Found entity 1: altsyncram_ivc1 File: C:/Git/Projects/VLSI_steaming_system/FPGA_Streaming_System/synth/db/altsyncram_ivc1.tdf Line: 28
Info (13000): Registers with preset signals will power-up high File: C:/Git/Projects/VLSI_steaming_system/FPGA_UART/rtl/UART_Tx_16bit.v Line: 35
Info (13003): DEV_CLRn pin will set, and not reset, register with preset signal due to NOT Gate Push-Back
Info (286030): Timing-Driven Synthesis is running
Info (16010): Generating hard_block partition "hard_block:auto_generated_inst"
    Info (16011): Adding 0 node(s), including 0 DDIO, 0 PLL, 0 transceiver and 0 LCELL
Info (21057): Implemented 239 device resources after synthesis - the final resource count might be different
    Info (21058): Implemented 12 input pins
    Info (21059): Implemented 2 output pins
    Info (21061): Implemented 212 logic cells
    Info (21064): Implemented 12 RAM segments
Info: Quartus Prime Analysis & Synthesis was successful. 0 errors, 5 warnings
    Info: Peak virtual memory: 2102001 megabytes
    Info: Processing ended: Sun Jun 28 19:28:15 2026
    Info: Elapsed time: 00:00:08
    Info: Total CPU time (on all processors): 00:00:15


