Flow report for ClkDiv
Fri Jun 26 14:50:09 2026
Quartus Prime Version 25.1std.0 Build 1129 10/21/2025 SC Lite Edition


---------------------
; Table of Contents ;
---------------------
  1. Legal Notice
  2. Flow Summary
  3. Flow Settings
  4. Flow Non-Default Global Settings
  5. Flow Elapsed Time
  6. Flow OS Summary
  7. Flow Log
  8. Flow Messages
  9. Flow Suppressed Messages



----------------
; Legal Notice ;
----------------
Copyright (C) 2025  Altera Corporation. All rights reserved.
Your use of Altera Corporation's design tools, logic functions 
and other software and tools, and any partner logic 
functions, and any output files from any of the foregoing 
(including device programming or simulation files), and any 
associated documentation or information are expressly subject 
to the terms and conditions of the Altera Program License 
Subscription Agreement, the Altera Quartus Prime License Agreement,
the Altera IP License Agreement, or other applicable license
agreement, including, without limitation, that your use is for
the sole purpose of programming logic devices manufactured by
Altera and sold by Altera or its authorized distributors.  Please
refer to the Altera Software License Subscription Agreements 
on the Quartus Prime software download page.



+--------------------------------------------------------------------------------------+
; Flow Summary                                                                         ;
+------------------------------------+-------------------------------------------------+
; Flow Status                        ; Successful - Fri Jun 26 14:50:09 2026           ;
; Quartus Prime Version              ; 25.1std.0 Build 1129 10/21/2025 SC Lite Edition ;
; Revision Name                      ; ClkDiv                                          ;
; Top-level Entity Name              ; Baud_Clk_Divider_50                             ;
; Family                             ; Cyclone IV E                                    ;
; Device                             ; EP4CE115F29C7                                   ;
; Timing Models                      ; Final                                           ;
; Total logic elements               ; 22 / 114,480 ( < 1 % )                          ;
;     Total combinational functions  ; 22 / 114,480 ( < 1 % )                          ;
;     Dedicated logic registers      ; 11 / 114,480 ( < 1 % )                          ;
; Total registers                    ; 11                                              ;
; Total pins                         ; 3 / 529 ( < 1 % )                               ;
; Total virtual pins                 ; 0                                               ;
; Total memory bits                  ; 0 / 3,981,312 ( 0 % )                           ;
; Embedded Multiplier 9-bit elements ; 0 / 532 ( 0 % )                                 ;
; Total PLLs                         ; 0 / 4 ( 0 % )                                   ;
+------------------------------------+-------------------------------------------------+


+-----------------------------------------+
; Flow Settings                           ;
+-------------------+---------------------+
; Option            ; Setting             ;
+-------------------+---------------------+
; Start date & time ; 06/26/2026 14:49:47 ;
; Main task         ; Compilation         ;
; Revision Name     ; ClkDiv              ;
+-------------------+---------------------+


+--------------------------------------------------------------------------------------------------------------------------------------------------------+
; Flow Non-Default Global Settings                                                                                                                       ;
+-------------------------------------+----------------------------------------+---------------+---------------------+-----------------------------------+
; Assignment Name                     ; Value                                  ; Default Value ; Entity Name         ; Section Id                        ;
+-------------------------------------+----------------------------------------+---------------+---------------------+-----------------------------------+
; COMPILER_SIGNATURE_ID               ; 266328098140509.178247458723428        ; --            ; --                  ; --                                ;
; EDA_GENERATE_FUNCTIONAL_NETLIST     ; Off                                    ; --            ; --                  ; eda_board_design_timing           ;
; EDA_GENERATE_FUNCTIONAL_NETLIST     ; Off                                    ; --            ; --                  ; eda_board_design_boundary_scan    ;
; EDA_GENERATE_FUNCTIONAL_NETLIST     ; Off                                    ; --            ; --                  ; eda_board_design_signal_integrity ;
; EDA_GENERATE_FUNCTIONAL_NETLIST     ; Off                                    ; --            ; --                  ; eda_board_design_symbol           ;
; EDA_OUTPUT_DATA_FORMAT              ; Verilog Hdl                            ; --            ; --                  ; eda_simulation                    ;
; EDA_SIMULATION_TOOL                 ; Questa Altera FPGA (Verilog)           ; <None>        ; --                  ; --                                ;
; EDA_TIME_SCALE                      ; 1 ps                                   ; --            ; --                  ; eda_simulation                    ;
; FLOW_ENABLE_POWER_ANALYZER          ; On                                     ; Off           ; --                  ; --                                ;
; MAX_CORE_JUNCTION_TEMP              ; 85                                     ; --            ; --                  ; --                                ;
; MIN_CORE_JUNCTION_TEMP              ; 0                                      ; --            ; --                  ; --                                ;
; NOMINAL_CORE_SUPPLY_VOLTAGE         ; 1.2V                                   ; --            ; --                  ; --                                ;
; PARTITION_COLOR                     ; -- (Not supported for targeted family) ; --            ; Baud_Clk_Divider_50 ; Top                               ;
; PARTITION_FITTER_PRESERVATION_LEVEL ; -- (Not supported for targeted family) ; --            ; Baud_Clk_Divider_50 ; Top                               ;
; PARTITION_NETLIST_TYPE              ; -- (Not supported for targeted family) ; --            ; Baud_Clk_Divider_50 ; Top                               ;
; POWER_BOARD_THERMAL_MODEL           ; None (CONSERVATIVE)                    ; --            ; --                  ; --                                ;
; POWER_DEFAULT_INPUT_IO_TOGGLE_RATE  ; 12.5 %                                 ; 12.5%         ; --                  ; --                                ;
; POWER_PRESET_COOLING_SOLUTION       ; 23 MM HEAT SINK WITH 200 LFPM AIRFLOW  ; --            ; --                  ; --                                ;
; PROJECT_OUTPUT_DIRECTORY            ; output_files                           ; --            ; --                  ; --                                ;
; TOP_LEVEL_ENTITY                    ; Baud_Clk_Divider_50                    ; ClkDiv        ; --                  ; --                                ;
+-------------------------------------+----------------------------------------+---------------+---------------------+-----------------------------------+


+--------------------------------------------------------------------------------------------------------------------------+
; Flow Elapsed Time                                                                                                        ;
+----------------------+--------------+-------------------------+---------------------+------------------------------------+
; Module Name          ; Elapsed Time ; Average Processors Used ; Peak Virtual Memory ; Total CPU Time (on all processors) ;
+----------------------+--------------+-------------------------+---------------------+------------------------------------+
; Analysis & Synthesis ; 00:00:05     ; 1.0                     ; 2101980 MB          ; 00:00:12                           ;
; Fitter               ; 00:00:06     ; 1.0                     ; 2103228 MB          ; 00:00:11                           ;
; Assembler            ; 00:00:01     ; 1.0                     ; 2102139 MB          ; 00:00:02                           ;
; Power Analyzer       ; 00:00:04     ; 1.0                     ; 2102284 MB          ; 00:00:03                           ;
; Timing Analyzer      ; 00:00:01     ; 1.0                     ; 2102058 MB          ; 00:00:01                           ;
; EDA Netlist Writer   ; 00:00:00     ; 1.0                     ; 2101830 MB          ; 00:00:00                           ;
; Total                ; 00:00:17     ; --                      ; --                  ; 00:00:29                           ;
+----------------------+--------------+-------------------------+---------------------+------------------------------------+


+------------------------------------------------------------------------------------+
; Flow OS Summary                                                                    ;
+----------------------+------------------+------------+------------+----------------+
; Module Name          ; Machine Hostname ; OS Name    ; OS Version ; Processor type ;
+----------------------+------------------+------------+------------+----------------+
; Analysis & Synthesis ; elia             ; Windows 10 ; 10.0       ; x86_64         ;
; Fitter               ; elia             ; Windows 10 ; 10.0       ; x86_64         ;
; Assembler            ; elia             ; Windows 10 ; 10.0       ; x86_64         ;
; Power Analyzer       ; elia             ; Windows 10 ; 10.0       ; x86_64         ;
; Timing Analyzer      ; elia             ; Windows 10 ; 10.0       ; x86_64         ;
; EDA Netlist Writer   ; elia             ; Windows 10 ; 10.0       ; x86_64         ;
+----------------------+------------------+------------+------------+----------------+


------------
; Flow Log ;
------------
quartus_map --read_settings_files=on --write_settings_files=off ClkDiv -c ClkDiv
quartus_fit --read_settings_files=off --write_settings_files=off ClkDiv -c ClkDiv
quartus_asm --read_settings_files=off --write_settings_files=off ClkDiv -c ClkDiv
quartus_pow --read_settings_files=off --write_settings_files=off ClkDiv -c ClkDiv
quartus_sta ClkDiv -c ClkDiv
quartus_eda --read_settings_files=off --write_settings_files=off ClkDiv -c ClkDiv



